%!Adobe-FontList 1.20
%Locale:0x409

%BeginFont
Handler:DirectoryHandler
FontType:TrueType
FontName:OpenSans-SemiBold
FamilyName:Open Sans
StyleName:SemiBold
MenuName:Open Sans SemiBold
StyleBits:0
WeightClass:600
WidthClass:5
AngleClass:0
FullName:Open Sans SemiBold
WritingScript:Roman
OutlineFileName:/Users/lisa/Documents/Artevelde GDM/BAP/Design/nieuwsbrief map/Document fonts/OpenSans-SemiBold.ttf
DataFormat:sfntData
hasSVG:no
VariableFontType:NonVariableFont
FileLength:221164
FileModTime:318294000
NameArray:0,Mac,4,Open Sans SemiBold
NameArray:0,Win,1,Open Sans SemiBold
NameArray:0,Win,16,Open Sans
%EndFont

%BeginFont
Handler:DirectoryHandler
FontType:TrueType
FontName:OpenSans-Italic
FamilyName:Open Sans
StyleName:Italic
MenuName:Open Sans
StyleBits:1
WeightClass:400
WidthClass:5
AngleClass:1
FullName:Open Sans Italic
WritingScript:Roman
OutlineFileName:/Users/lisa/Documents/Artevelde GDM/BAP/Design/nieuwsbrief map/Document fonts/OpenSans-Italic.ttf
DataFormat:sfntData
hasSVG:no
VariableFontType:NonVariableFont
FileLength:212760
FileModTime:318294000
NameArray:0,Mac,4,Open Sans Italic
NameArray:0,Win,1,Open Sans
%EndFont

%BeginFont
Handler:DirectoryHandler
FontType:TrueType
FontName:Mandali
FamilyName:Mandali
StyleName:Regular
MenuName:Mandali
StyleBits:0
WeightClass:400
WidthClass:5
AngleClass:0
FullName:Mandali
WritingScript:Telugu
OutlineFileName:/Users/lisa/Documents/Artevelde GDM/BAP/Design/nieuwsbrief map/Document fonts/Mandali-Regular.ttf
DataFormat:sfntData
hasSVG:no
VariableFontType:NonVariableFont
FileLength:606848
FileModTime:439858800
NameArray:0,Win,1,Mandali
%EndFont

%BeginFont
Handler:DirectoryHandler
FontType:TrueType
FontName:OpenSans-Regular
FamilyName:Open Sans
StyleName:Regular
MenuName:Open Sans
StyleBits:0
WeightClass:400
WidthClass:5
AngleClass:0
FullName:Open Sans Regular
WritingScript:Roman
OutlineFileName:/Users/lisa/Documents/Artevelde GDM/BAP/Design/nieuwsbrief map/Document fonts/OpenSans-Regular.ttf
DataFormat:sfntData
hasSVG:no
VariableFontType:NonVariableFont
FileLength:217276
FileModTime:318294000
NameArray:0,Mac,4,Open Sans Regular
NameArray:0,Win,1,Open Sans
%EndFont

