%!Adobe-FontList 1.20
%Locale:0x409

%BeginFont
Handler:DirectoryHandler
FontType:TrueType
FontName:OpenSans-Regular
FamilyName:Open Sans
StyleName:Regular
MenuName:Open Sans
StyleBits:0
WeightClass:400
WidthClass:5
AngleClass:0
FullName:Open Sans Regular
WritingScript:Roman
OutlineFileName:/Users/lisa/Documents/Artevelde GDM/BAP/Huisstijlgids/Downloads/envelop/Document fonts/OpenSans-Regular.ttf
DataFormat:sfntData
hasSVG:no
VariableFontType:NonVariableFont
FileLength:217276
FileModTime:318294000
NameArray:0,Mac,4,Open Sans Regular
NameArray:0,Win,1,Open Sans
%EndFont

